# JRE version: Java(TM) SE Runtime Environment (8.0_202-b08) (build 1.8.0_202-b08)
# Java VM: Java HotSpot(TM) 64-Bit Server VM (25.202-b08 mixed mode linux-amd64 compressed oops)
Heap:
 PSYoungGen      total 36864K, used 31699K [0x00000000d6d80000, 0x00000000d9680000, 0x0000000100000000)
  eden space 31744K, 96% used [0x00000000d6d80000,0x00000000d8b43900,0x00000000d8c80000)
  from space 5120K, 23% used [0x00000000d9180000,0x00000000d92b1628,0x00000000d9680000)
  to   space 5120K, 0% used [0x00000000d8c80000,0x00000000d8c80000,0x00000000d9180000)
 ParOldGen       total 84992K, used 16K [0x0000000084800000, 0x0000000089b00000, 0x00000000d6d80000)
  object space 84992K, 0% used [0x0000000084800000,0x0000000084804000,0x0000000089b00000)
 Metaspace       used 6117K, capacity 6312K, committed 6400K, reserved 1056768K
  class space    used 676K, capacity 722K, committed 768K, reserved 1048576K
GC Heap History (4 events):
Event: 7.743 GC heap before
{Heap before GC invocations=1 (full 0):
 PSYoungGen      total 36864K, used 31744K [0x00000000d6d80000, 0x00000000d9680000, 0x0000000100000000)
  eden space 31744K, 100% used [0x00000000d6d80000,0x00000000d8c80000,0x00000000d8c80000)
  from space 5120K, 0% used [0x00000000d9180000,0x00000000d9180000,0x00000000d9680000)
  to   space 5120K, 0% used [0x00000000d8c80000,0x00000000d8c80000,0x00000000d9180000)
 ParOldGen       total 84992K, used 0K [0x0000000084800000, 0x0000000089b00000, 0x00000000d6d80000)
  object space 84992K, 0% used [0x0000000084800000,0x0000000084800000,0x0000000089b00000)
 Metaspace       used 5612K, capacity 6050K, committed 6400K, reserved 1056768K
  class space    used 625K, capacity 657K, committed 768K, reserved 1048576K
Event: 7.758 GC heap after
Heap after GC invocations=1 (full 0):
 PSYoungGen      total 36864K, used 2028K [0x00000000d6d80000, 0x00000000d9680000, 0x0000000100000000)
  eden space 31744K, 0% used [0x00000000d6d80000,0x00000000d6d80000,0x00000000d8c80000)
  from space 5120K, 39% used [0x00000000d8c80000,0x00000000d8e7b100,0x00000000d9180000)
  to   space 5120K, 0% used [0x00000000d9180000,0x00000000d9180000,0x00000000d9680000)
 ParOldGen       total 84992K, used 8K [0x0000000084800000, 0x0000000089b00000, 0x00000000d6d80000)
  object space 84992K, 0% used [0x0000000084800000,0x0000000084802000,0x0000000089b00000)
 Metaspace       used 5612K, capacity 6050K, committed 6400K, reserved 1056768K
  class space    used 625K, capacity 657K, committed 768K, reserved 1048576K
}
Event: 7.928 GC heap before
{Heap before GC invocations=2 (full 0):
 PSYoungGen      total 36864K, used 33772K [0x00000000d6d80000, 0x00000000d9680000, 0x0000000100000000)
  eden space 31744K, 100% used [0x00000000d6d80000,0x00000000d8c80000,0x00000000d8c80000)
  from space 5120K, 39% used [0x00000000d8c80000,0x00000000d8e7b100,0x00000000d9180000)
  to   space 5120K, 0% used [0x00000000d9180000,0x00000000d9180000,0x00000000d9680000)
 ParOldGen       total 84992K, used 8K [0x0000000084800000, 0x0000000089b00000, 0x00000000d6d80000)
  object space 84992K, 0% used [0x0000000084800000,0x0000000084802000,0x0000000089b00000)
 Metaspace       used 6023K, capacity 6306K, committed 6400K, reserved 1056768K
  class space    used 671K, capacity 721K, committed 768K, reserved 1048576K
Event: 7.930 GC heap after
Heap after GC invocations=2 (full 0):
 PSYoungGen      total 36864K, used 1221K [0x00000000d6d80000, 0x00000000d9680000, 0x0000000100000000)
  eden space 31744K, 0% used [0x00000000d6d80000,0x00000000d6d80000,0x00000000d8c80000)
  from space 5120K, 23% used [0x00000000d9180000,0x00000000d92b1628,0x00000000d9680000)
  to   space 5120K, 0% used [0x00000000d8c80000,0x00000000d8c80000,0x00000000d9180000)
 ParOldGen       total 84992K, used 16K [0x0000000084800000, 0x0000000089b00000, 0x00000000d6d80000)
  object space 84992K, 0% used [0x0000000084800000,0x0000000084804000,0x0000000089b00000)
 Metaspace       used 6023K, capacity 6306K, committed 6400K, reserved 1056768K
  class space    used 671K, capacity 721K, committed 768K, reserved 1048576K
}

