# JRE version: Java(TM) SE Runtime Environment (8.0_202-b08) (build 1.8.0_202-b08)
# Java VM: Java HotSpot(TM) 64-Bit Server VM (25.202-b08 mixed mode linux-amd64 compressed oops)
Heap:
 PSYoungGen      total 36864K, used 29588K [0x00000000d6d80000, 0x00000000db580000, 0x0000000100000000)
  eden space 31744K, 89% used [0x00000000d6d80000,0x00000000d893ba78,0x00000000d8c80000)
  from space 5120K, 23% used [0x00000000d9180000,0x00000000d92a9628,0x00000000d9680000)
  to   space 5120K, 0% used [0x00000000d8c80000,0x00000000d8c80000,0x00000000d9180000)
 ParOldGen       total 84992K, used 0K [0x0000000084800000, 0x0000000089b00000, 0x00000000d6d80000)
  object space 84992K, 0% used [0x0000000084800000,0x0000000084800000,0x0000000089b00000)
 Metaspace       used 6196K, capacity 6312K, committed 6400K, reserved 1056768K
  class space    used 683K, capacity 722K, committed 768K, reserved 1048576K
GC Heap History (4 events):
Event: 13.322 GC heap before
{Heap before GC invocations=1 (full 0):
 PSYoungGen      total 36864K, used 31744K [0x00000000d6d80000, 0x00000000d9680000, 0x0000000100000000)
  eden space 31744K, 100% used [0x00000000d6d80000,0x00000000d8c80000,0x00000000d8c80000)
  from space 5120K, 0% used [0x00000000d9180000,0x00000000d9180000,0x00000000d9680000)
  to   space 5120K, 0% used [0x00000000d8c80000,0x00000000d8c80000,0x00000000d9180000)
 ParOldGen       total 84992K, used 0K [0x0000000084800000, 0x0000000089b00000, 0x00000000d6d80000)
  object space 84992K, 0% used [0x0000000084800000,0x0000000084800000,0x0000000089b00000)
 Metaspace       used 5619K, capacity 6050K, committed 6400K, reserved 1056768K
  class space    used 625K, capacity 657K, committed 768K, reserved 1048576K
Event: 13.329 GC heap after
Heap after GC invocations=1 (full 0):
 PSYoungGen      total 36864K, used 1983K [0x00000000d6d80000, 0x00000000d9680000, 0x0000000100000000)
  eden space 31744K, 0% used [0x00000000d6d80000,0x00000000d6d80000,0x00000000d8c80000)
  from space 5120K, 38% used [0x00000000d8c80000,0x00000000d8e6fc68,0x00000000d9180000)
  to   space 5120K, 0% used [0x00000000d9180000,0x00000000d9180000,0x00000000d9680000)
 ParOldGen       total 84992K, used 0K [0x0000000084800000, 0x0000000089b00000, 0x00000000d6d80000)
  object space 84992K, 0% used [0x0000000084800000,0x0000000084800000,0x0000000089b00000)
 Metaspace       used 5619K, capacity 6050K, committed 6400K, reserved 1056768K
  class space    used 625K, capacity 657K, committed 768K, reserved 1048576K
}
Event: 13.480 GC heap before
{Heap before GC invocations=2 (full 0):
 PSYoungGen      total 36864K, used 33727K [0x00000000d6d80000, 0x00000000d9680000, 0x0000000100000000)
  eden space 31744K, 100% used [0x00000000d6d80000,0x00000000d8c80000,0x00000000d8c80000)
  from space 5120K, 38% used [0x00000000d8c80000,0x00000000d8e6fc68,0x00000000d9180000)
  to   space 5120K, 0% used [0x00000000d9180000,0x00000000d9180000,0x00000000d9680000)
 ParOldGen       total 84992K, used 0K [0x0000000084800000, 0x0000000089b00000, 0x00000000d6d80000)
  object space 84992K, 0% used [0x0000000084800000,0x0000000084800000,0x0000000089b00000)
 Metaspace       used 6013K, capacity 6306K, committed 6400K, reserved 1056768K
  class space    used 671K, capacity 721K, committed 768K, reserved 1048576K
Event: 13.485 GC heap after
Heap after GC invocations=2 (full 0):
 PSYoungGen      total 36864K, used 1189K [0x00000000d6d80000, 0x00000000db580000, 0x0000000100000000)
  eden space 31744K, 0% used [0x00000000d6d80000,0x00000000d6d80000,0x00000000d8c80000)
  from space 5120K, 23% used [0x00000000d9180000,0x00000000d92a9628,0x00000000d9680000)
  to   space 5120K, 0% used [0x00000000d8c80000,0x00000000d8c80000,0x00000000d9180000)
 ParOldGen       total 84992K, used 0K [0x0000000084800000, 0x0000000089b00000, 0x00000000d6d80000)
  object space 84992K, 0% used [0x0000000084800000,0x0000000084800000,0x0000000089b00000)
 Metaspace       used 6013K, capacity 6306K, committed 6400K, reserved 1056768K
  class space    used 671K, capacity 721K, committed 768K, reserved 1048576K
}

